{"level":"error","message":"Error while creating table : Product","timestamp":"2023-11-06T10:16:26.222Z"}
{"level":"error","message":"Error while dropping the product table","timestamp":"2023-11-06T10:49:02.084Z"}
{"level":"error","message":"Error while pulling data of Id - undefined from undefined table","timestamp":"2023-11-06T11:34:56.149Z"}
{"level":"error","message":"Error while pulling data of Id - undefined from Customer_order table","timestamp":"2023-11-07T05:19:46.780Z"}
{"level":"error","message":"Error while pulling data of Id - undefined from Customer table","timestamp":"2023-11-07T05:19:56.506Z"}
{"level":"error","message":"Error while pulling data of Id - undefined from Customer table","timestamp":"2023-11-07T05:20:06.310Z"}
{"level":"error","message":"Error while pulling data of Id - undefined from Customer table","timestamp":"2023-11-07T05:21:09.359Z"}
{"level":"error","message":"Error while pulling data of Id - undefined from Customer table","timestamp":"2023-11-07T05:26:21.434Z"}
{"level":"error","message":"Error while pulling data from the undefined table","timestamp":"2023-11-07T05:27:43.842Z"}
{"level":"error","message":"Error while pulling data of Id - undefined from Customer table","timestamp":"2023-11-07T05:28:27.572Z"}
{"level":"error","message":"Error while pulling data of Id - undefined from Customer table","timestamp":"2023-11-07T05:30:27.631Z"}
{"level":"error","message":"Error while pulling data of Id - undefined from Customer table","timestamp":"2023-11-07T05:30:41.957Z"}
{"level":"error","message":"Error while pulling data of Id - undefined from Customer table","timestamp":"2023-11-07T05:34:00.086Z"}
{"level":"error","message":"Error while pulling data of Id - undefined from Customer table","timestamp":"2023-11-07T05:35:57.862Z"}
{"level":"error","message":"Error while pulling data of Id - undefined from Customer table","timestamp":"2023-11-07T05:36:31.435Z"}
{"level":"error","message":"Error while pulling data of Id - undefined from Customer table","timestamp":"2023-11-07T05:38:43.552Z"}
{"level":"error","message":"Error while pulling data of Id - 7 from Customer table","timestamp":"2023-11-07T05:41:16.206Z"}
{"level":"error","message":"Error while pulling data of Id - 0 from Customer table","timestamp":"2023-11-07T05:41:30.946Z"}
{"level":"error","message":"Error while pulling data of Id - 1 from Customer table","timestamp":"2023-11-07T05:42:01.566Z"}
{"level":"error","message":"Error while pulling data of Id - 1 from Customer table","timestamp":"2023-11-07T05:42:05.752Z"}
{"level":"error","message":"Error while pulling data of Id - 2 from Customer_table table","timestamp":"2023-11-07T05:47:42.253Z"}
{"level":"error","message":"Error while pulling data of Id - 1 from undefined table","timestamp":"2023-11-07T06:17:45.389Z"}
{"level":"error","message":"Error while pulling data from the undefined table","timestamp":"2023-11-07T07:08:09.354Z"}
