{"level":"info","message":"Table : Product creation successfull","timestamp":"2023-11-06T10:16:10.272Z"}
{"level":"error","message":"Error while creating table : Product","timestamp":"2023-11-06T10:16:26.222Z"}
{"level":"info","message":"Table : Product creation successfull","timestamp":"2023-11-06T10:48:30.488Z"}
{"level":"info","message":"Successfully Dropped the product table","timestamp":"2023-11-06T10:48:51.640Z"}
{"level":"error","message":"Error while dropping the product table","timestamp":"2023-11-06T10:49:02.084Z"}
{"level":"error","message":"Error while pulling data of Id - undefined from undefined table","timestamp":"2023-11-06T11:34:56.148Z"}
{"level":"error","message":"Error while pulling data of Id - undefined from Customer_order table","timestamp":"2023-11-07T05:19:46.780Z"}
{"level":"error","message":"Error while pulling data of Id - undefined from Customer table","timestamp":"2023-11-07T05:19:56.506Z"}
{"level":"info","message":"Successfully pulled data from the table Customer","timestamp":"2023-11-07T05:19:59.828Z"}
{"level":"error","message":"Error while pulling data of Id - undefined from Customer table","timestamp":"2023-11-07T05:20:06.310Z"}
{"level":"error","message":"Error while pulling data of Id - undefined from Customer table","timestamp":"2023-11-07T05:21:09.358Z"}
{"level":"error","message":"Error while pulling data of Id - undefined from Customer table","timestamp":"2023-11-07T05:26:21.433Z"}
{"level":"error","message":"Error while pulling data from the undefined table","timestamp":"2023-11-07T05:27:43.842Z"}
{"level":"error","message":"Error while pulling data of Id - undefined from Customer table","timestamp":"2023-11-07T05:28:27.571Z"}
{"level":"error","message":"Error while pulling data of Id - undefined from Customer table","timestamp":"2023-11-07T05:30:27.631Z"}
{"level":"info","message":"Successfully pulled data from the table Customer","timestamp":"2023-11-07T05:30:32.632Z"}
{"level":"error","message":"Error while pulling data of Id - undefined from Customer table","timestamp":"2023-11-07T05:30:41.957Z"}
{"level":"info","message":"Successfully pulled data from the table Customer","timestamp":"2023-11-07T05:33:56.696Z"}
{"level":"error","message":"Error while pulling data of Id - undefined from Customer table","timestamp":"2023-11-07T05:34:00.086Z"}
{"level":"info","message":"Successfully pulled data from the table Customer","timestamp":"2023-11-07T05:35:54.609Z"}
{"level":"error","message":"Error while pulling data of Id - undefined from Customer table","timestamp":"2023-11-07T05:35:57.862Z"}
{"level":"error","message":"Error while pulling data of Id - undefined from Customer table","timestamp":"2023-11-07T05:36:31.434Z"}
{"level":"info","message":"Successfully pulled data from the table Customer","timestamp":"2023-11-07T05:38:02.931Z"}
{"level":"error","message":"Error while pulling data of Id - undefined from Customer table","timestamp":"2023-11-07T05:38:43.552Z"}
{"level":"error","message":"Error while pulling data of Id - 7 from Customer table","timestamp":"2023-11-07T05:41:16.205Z"}
{"level":"error","message":"Error while pulling data of Id - 0 from Customer table","timestamp":"2023-11-07T05:41:30.946Z"}
{"level":"error","message":"Error while pulling data of Id - 1 from Customer table","timestamp":"2023-11-07T05:42:01.566Z"}
{"level":"error","message":"Error while pulling data of Id - 1 from Customer table","timestamp":"2023-11-07T05:42:05.751Z"}
{"level":"info","message":"Succesfully pulled  data of Id - 6 from the sCustomer table","timestamp":"2023-11-07T05:47:25.624Z"}
{"level":"info","message":"Succesfully pulled  data of Id - 7 from the sCustomer table","timestamp":"2023-11-07T05:47:30.780Z"}
{"level":"info","message":"Succesfully pulled  data of Id - 1 from the sCustomer table","timestamp":"2023-11-07T05:47:34.076Z"}
{"level":"info","message":"Succesfully pulled  data of Id - 2 from the sCustomer table","timestamp":"2023-11-07T05:47:37.425Z"}
{"level":"error","message":"Error while pulling data of Id - 2 from Customer_table table","timestamp":"2023-11-07T05:47:42.251Z"}
{"level":"info","message":"Succesfully pulled  data of Id - 2 from the sCustomer_order table","timestamp":"2023-11-07T05:47:46.468Z"}
{"level":"info","message":"Succesfully pulled  data of Id - 1 from the sCustomer_order table","timestamp":"2023-11-07T05:47:51.913Z"}
{"level":"info","message":"Successfully pulled data from the table Customer_order","timestamp":"2023-11-07T05:47:55.982Z"}
{"level":"info","message":"Successfully pulled data from the table Customer_order","timestamp":"2023-11-07T05:58:47.064Z"}
{"level":"info","message":"Succesfully pulled  data of Id - 7 from the sCustomer_order table","timestamp":"2023-11-07T05:58:50.591Z"}
{"level":"info","message":"Succesfully pulled  data of Id - 6 from the sCustomer_order table","timestamp":"2023-11-07T05:58:52.945Z"}
{"level":"info","message":"Succesfully pulled  data of Id - 5 from the sCustomer_order table","timestamp":"2023-11-07T05:58:55.270Z"}
{"level":"info","message":"Succesfully pulled  data of Id - 8 from the sCustomer_order table","timestamp":"2023-11-07T05:58:57.403Z"}
{"level":"info","message":"Succesfully pulled  data of Id - 9 from the sCustomer_order table","timestamp":"2023-11-07T05:59:00.329Z"}
{"level":"info","message":"Succesfully pulled  data of Id - 9 from the sCustomer_order table","timestamp":"2023-11-07T06:00:56.050Z"}
{"level":"info","message":"Succesfully pulled  data of Id - 8 from the sCustomer_order table","timestamp":"2023-11-07T06:00:59.875Z"}
{"level":"info","message":"Succesfully pulled  data of Id - 9 from the sCustomer_order table","timestamp":"2023-11-07T06:01:03.276Z"}
{"level":"info","message":"Succesfully pulled  data of Id - 8 from the sCustomer_order table","timestamp":"2023-11-07T06:02:47.707Z"}
{"level":"info","message":"Succesfully pulled  data of Id - 9 from the sCustomer_order table","timestamp":"2023-11-07T06:02:52.999Z"}
{"level":"info","message":"Succesfully pulled  data of Id - 8 from the sCustomer_order table","timestamp":"2023-11-07T06:05:17.077Z"}
{"level":"info","message":"Succesfully pulled  data of Id - 7 from the sCustomer_order table","timestamp":"2023-11-07T06:05:23.026Z"}
{"level":"info","message":"Succesfully pulled  data of Id - 8 from the sCustomer_order table","timestamp":"2023-11-07T06:07:43.881Z"}
{"level":"info","message":"Succesfully pulled  data of Id - 1 from the sCustomer_order table","timestamp":"2023-11-07T06:08:26.957Z"}
{"level":"info","message":"Succesfully pulled  data of Id - 0 from the sCustomer_order table","timestamp":"2023-11-07T06:10:09.069Z"}
{"level":"info","message":"Succesfully pulled  data of Id - 1 from the sCustomer_order table","timestamp":"2023-11-07T06:10:12.666Z"}
{"level":"info","message":"Succesfully pulled  data of Id - 1 from the sCustomer_order table","timestamp":"2023-11-07T06:10:56.344Z"}
{"level":"info","message":"Successfully pulled data from the table Customer_order","timestamp":"2023-11-07T06:11:02.329Z"}
{"level":"info","message":"Succesfully pulled  data of Id - 1 from the sCustomer_order table","timestamp":"2023-11-07T06:12:32.482Z"}
{"level":"info","message":"Succesfully pulled  data of Id - 2 from the sCustomer_order table","timestamp":"2023-11-07T06:12:35.636Z"}
{"level":"info","message":"Succesfully pulled  data of Id - 4 from the sCustomer_order table","timestamp":"2023-11-07T06:12:37.937Z"}
{"level":"info","message":"Succesfully pulled  data of Id - 6 from the sCustomer_order table","timestamp":"2023-11-07T06:12:39.315Z"}
{"level":"info","message":"Succesfully pulled  data of Id - 7 from the sCustomer_order table","timestamp":"2023-11-07T06:12:40.250Z"}
{"level":"info","message":"Succesfully pulled  data of Id - 9 from the sCustomer_order table","timestamp":"2023-11-07T06:12:44.158Z"}
{"level":"info","message":"Successfully pulled data from the table Customer_order","timestamp":"2023-11-07T06:13:40.888Z"}
{"level":"info","message":"Succesfully pulled  data of Id - 1 from the sCustomer_order table","timestamp":"2023-11-07T06:13:42.707Z"}
{"level":"info","message":"Succesfully pulled  data of Id - 2 from the sCustomer_order table","timestamp":"2023-11-07T06:13:44.449Z"}
{"level":"info","message":"Succesfully pulled  data of Id - 5 from the sCustomer_order table","timestamp":"2023-11-07T06:17:11.121Z"}
{"level":"info","message":"Succesfully pulled  data of Id - 7 from the sCustomer_order table","timestamp":"2023-11-07T06:17:13.174Z"}
{"level":"info","message":"Succesfully pulled  data of Id - 8 from the sCustomer_order table","timestamp":"2023-11-07T06:17:15.545Z"}
{"level":"info","message":"Succesfully pulled  data of Id - 1 from the sCustomer_order table","timestamp":"2023-11-07T06:17:25.525Z"}
{"level":"error","message":"Error while pulling data of Id - 1 from undefined table","timestamp":"2023-11-07T06:17:45.389Z"}
{"level":"info","message":"Succesfully pulled  data of Id - 1 from the sCustomer table","timestamp":"2023-11-07T06:18:32.658Z"}
{"level":"info","message":"Succesfully pulled  data of Id - 8 from the sCustomer table","timestamp":"2023-11-07T06:18:39.712Z"}
{"level":"info","message":"Succesfully pulled  data of Id - 9 from the sCustomer table","timestamp":"2023-11-07T06:18:41.747Z"}
{"level":"info","message":"Succesfully pulled  data of Id - 10 from the sCustomer table","timestamp":"2023-11-07T06:18:44.380Z"}
{"level":"info","message":"Succesfully pulled  data of Id - 8 from the sCustomer_order table","timestamp":"2023-11-07T06:18:59.454Z"}
{"level":"info","message":"Successfully pulled data from the table Customer_order","timestamp":"2023-11-07T07:06:10.027Z"}
{"level":"info","message":"Successfully pulled data from the table Customer","timestamp":"2023-11-07T07:06:20.703Z"}
{"level":"error","message":"Error while pulling data from the undefined table","timestamp":"2023-11-07T07:08:09.354Z"}
{"level":"info","message":"Successfully pulled data from the table Customer","timestamp":"2023-11-07T07:21:04.610Z"}
{"level":"info","message":"Successfully Dropped the customer table","timestamp":"2023-11-07T07:21:14.859Z"}
{"level":"info","message":"Table : customer creation successfull","timestamp":"2023-11-07T07:21:21.694Z"}
{"level":"info","message":"Successfully pulled data from the table Customer","timestamp":"2023-11-07T07:21:27.963Z"}
{"level":"info","message":"Successfully pulled data from the table Customer","timestamp":"2023-11-07T07:25:45.517Z"}
{"level":"info","message":"Successfully Dropped the customer table","timestamp":"2023-11-07T07:25:50.835Z"}
{"level":"info","message":"Table : customer creation successfull","timestamp":"2023-11-07T07:25:52.333Z"}
{"level":"info","message":"Successfully pulled data from the table Customer","timestamp":"2023-11-07T07:25:55.337Z"}
{"level":"info","message":"Successfully pulled data from the table Customer","timestamp":"2023-11-07T07:27:59.617Z"}
{"level":"info","message":"Successfully pulled data from the table Customer","timestamp":"2023-11-07T07:30:08.615Z"}
{"level":"info","message":"Successfully pulled data from the table Customer","timestamp":"2023-11-07T07:30:09.816Z"}
{"level":"info","message":"Successfully pulled data from the table Customer","timestamp":"2023-11-07T07:30:10.430Z"}
{"level":"info","message":"Successfully pulled data from the table Customer","timestamp":"2023-11-07T07:30:10.804Z"}
{"level":"info","message":"Successfully pulled data from the table Customer","timestamp":"2023-11-07T07:36:18.236Z"}
{"level":"info","message":"Successfully pulled data from the table Customer","timestamp":"2023-11-07T07:36:20.843Z"}
{"level":"info","message":"Successfully pulled data from the table Customer","timestamp":"2023-11-07T07:36:21.651Z"}
{"level":"info","message":"Successfully pulled data from the table Customer","timestamp":"2023-11-07T07:36:22.366Z"}
{"level":"info","message":"Successfully pulled data from the table Customer","timestamp":"2023-11-07T07:36:23.399Z"}
{"level":"info","message":"Successfully pulled data from the table Customer","timestamp":"2023-11-07T07:36:24.162Z"}
{"level":"info","message":"Successfully pulled data from the table Customer","timestamp":"2023-11-07T07:41:46.524Z"}
{"level":"info","message":"Successfully pulled data from the table Customer","timestamp":"2023-11-07T07:51:37.056Z"}
{"level":"info","message":"Successfully pulled data from the table Customer","timestamp":"2023-11-07T07:51:41.672Z"}
{"level":"info","message":"Successfully pulled data from the table Customer","timestamp":"2023-11-07T07:51:42.128Z"}
{"level":"info","message":"Table : product creation successfull","timestamp":"2023-11-07T07:51:58.727Z"}
{"level":"info","message":"Successfully pulled data from the table Customer","timestamp":"2023-11-07T07:52:01.522Z"}
{"level":"info","message":"Successfully pulled data from the table Customer","timestamp":"2023-11-07T09:43:34.684Z"}
{"level":"info","message":"Successfully pulled data from the table Customer","timestamp":"2023-11-07T09:45:11.216Z"}
{"level":"info","message":"Successfully pulled data from the table Customer","timestamp":"2023-11-07T09:45:12.077Z"}
{"level":"info","message":"Successfully pulled data from the table Customer","timestamp":"2023-11-07T10:10:37.280Z"}
{"level":"info","message":"Successfully pulled data from the table Customer","timestamp":"2023-11-07T10:23:12.719Z"}
{"level":"info","message":"Succesfully pulled  data of Id - 1 from the sCustomer table","timestamp":"2023-11-07T10:34:31.175Z"}
{"level":"info","message":"Succesfully pulled  data of Id - 1 from the sCustomer table","timestamp":"2023-11-07T10:34:43.068Z"}
{"level":"info","message":"Succesfully pulled  data of Id - 2 from the sCustomer table","timestamp":"2023-11-07T10:34:46.563Z"}
{"level":"info","message":"Succesfully pulled  data of Id - 2 from the sCustomer table","timestamp":"2023-11-07T10:38:46.567Z"}
{"level":"info","message":"Succesfully pulled  data of Id - 4 from the sCustomer table","timestamp":"2023-11-07T10:38:51.020Z"}
{"level":"info","message":"Succesfully pulled  data of Id - 4 from the sCustomer table","timestamp":"2023-11-07T10:41:48.971Z"}
{"level":"info","message":"Succesfully pulled  data of Id - 4 from the sCustomer table","timestamp":"2023-11-07T10:41:49.950Z"}
{"level":"info","message":"Succesfully pulled  data of Id - 4 from the sCustomer table","timestamp":"2023-11-07T10:42:21.150Z"}
{"level":"info","message":"Succesfully pulled  data of Id - 4 from the sCustomer table","timestamp":"2023-11-07T10:42:40.957Z"}
{"level":"info","message":"Succesfully pulled  data of Id - 4 from the sCustomer table","timestamp":"2023-11-07T10:42:42.054Z"}
{"level":"info","message":"Succesfully pulled  data of Id - 4 from the sCustomer table","timestamp":"2023-11-07T10:42:42.872Z"}
{"level":"info","message":"Succesfully pulled  data of Id - 4 from the sCustomer table","timestamp":"2023-11-07T10:42:43.489Z"}
{"level":"info","message":"Succesfully pulled  data of Id - 3 from the sCustomer table","timestamp":"2023-11-07T10:42:47.418Z"}
{"level":"info","message":"Succesfully pulled  data of Id - 3 from the sCustomer table","timestamp":"2023-11-07T10:47:21.453Z"}
{"level":"info","message":"Successfully pulled data from the table Customer","timestamp":"2023-11-07T10:50:01.357Z"}
{"level":"info","message":"Succesfully pulled  data of Id - 1 from the sCustomer table","timestamp":"2023-11-07T10:50:29.856Z"}
{"level":"info","message":"Succesfully pulled  data of Id - 5 from the sCustomer table","timestamp":"2023-11-07T10:50:34.752Z"}
{"level":"info","message":"Succesfully pulled  data of Id - 6 from the sCustomer table","timestamp":"2023-11-07T10:50:37.129Z"}
{"level":"info","message":"Succesfully pulled  data of Id - 6 from the sCustomer table","timestamp":"2023-11-07T11:04:17.539Z"}
{"level":"info","message":"Succesfully pulled  data of Id - 6 from the sCustomer table","timestamp":"2023-11-07T11:04:36.906Z"}
{"level":"info","message":"Succesfully pulled  data of Id - 6 from the sCustomer table","timestamp":"2023-11-07T11:04:40.594Z"}
{"level":"info","message":"Succesfully pulled  data of Id - 6 from the sCustomer table","timestamp":"2023-11-07T11:04:41.196Z"}
{"level":"info","message":"Succesfully pulled  data of Id - 9 from the sCustomer table","timestamp":"2023-11-07T11:04:43.511Z"}
{"level":"info","message":"Succesfully pulled  data of Id - 9 from the sCustomer table","timestamp":"2023-11-07T11:04:44.872Z"}
{"level":"info","message":"Succesfully pulled  data of Id - 9 from the sCustomer table","timestamp":"2023-11-07T11:04:46.085Z"}
{"level":"info","message":"Succesfully pulled  data of Id - 9 from the sCustomer table","timestamp":"2023-11-07T11:04:46.777Z"}
{"level":"info","message":"Succesfully pulled  data of Id - 9 from the sCustomer table","timestamp":"2023-11-07T11:04:47.314Z"}
{"level":"info","message":"Succesfully pulled  data of Id - 9 from the sCustomer table","timestamp":"2023-11-07T11:04:47.810Z"}
{"level":"info","message":"Succesfully pulled  data of Id - 9 from the sCustomer table","timestamp":"2023-11-07T11:04:54.957Z"}
{"level":"info","message":"Succesfully pulled  data of Id - 9 from the sCustomer table","timestamp":"2023-11-07T11:04:55.720Z"}
{"level":"info","message":"Succesfully pulled  data of Id - 9 from the sCustomer table","timestamp":"2023-11-07T11:04:56.664Z"}
{"level":"info","message":"Succesfully pulled  data of Id - 9 from the sCustomer table","timestamp":"2023-11-07T11:04:57.275Z"}
{"level":"info","message":"Succesfully pulled  data of Id - 9 from the sCustomer table","timestamp":"2023-11-07T11:04:58.012Z"}
{"level":"info","message":"Succesfully pulled  data of Id - 9 from the sCustomer table","timestamp":"2023-11-07T11:04:58.677Z"}
{"level":"info","message":"Succesfully pulled  data of Id - 9 from the sCustomer table","timestamp":"2023-11-07T11:05:05.226Z"}
{"level":"info","message":"Succesfully pulled  data of Id - 9 from the sCustomer table","timestamp":"2023-11-07T11:06:37.656Z"}
{"level":"info","message":"Succesfully pulled  data of Id - 6 from the sCustomer table","timestamp":"2023-11-07T11:06:41.047Z"}
