{"level":"error","message":"Error while creating table : Product","timestamp":"2023-11-06T10:16:26.222Z"}
{"level":"error","message":"Error while dropping the product table","timestamp":"2023-11-06T10:49:02.084Z"}
{"level":"error","message":"Error while pulling data of Id - undefined from undefined table","timestamp":"2023-11-06T11:34:56.149Z"}
{"level":"error","message":"Error while pulling data of Id - undefined from Customer_order table","timestamp":"2023-11-07T05:19:46.780Z"}
{"level":"error","message":"Error while pulling data of Id - undefined from Customer table","timestamp":"2023-11-07T05:19:56.506Z"}
{"level":"error","message":"Error while pulling data of Id - undefined from Customer table","timestamp":"2023-11-07T05:20:06.310Z"}
{"level":"error","message":"Error while pulling data of Id - undefined from Customer table","timestamp":"2023-11-07T05:21:09.359Z"}
{"level":"error","message":"Error while pulling data of Id - undefined from Customer table","timestamp":"2023-11-07T05:26:21.434Z"}
{"level":"error","message":"Error while pulling data from the undefined table","timestamp":"2023-11-07T05:27:43.842Z"}
{"level":"error","message":"Error while pulling data of Id - undefined from Customer table","timestamp":"2023-11-07T05:28:27.572Z"}
{"level":"error","message":"Error while pulling data of Id - undefined from Customer table","timestamp":"2023-11-07T05:30:27.631Z"}
{"level":"error","message":"Error while pulling data of Id - undefined from Customer table","timestamp":"2023-11-07T05:30:41.957Z"}
{"level":"error","message":"Error while pulling data of Id - undefined from Customer table","timestamp":"2023-11-07T05:34:00.086Z"}
{"level":"error","message":"Error while pulling data of Id - undefined from Customer table","timestamp":"2023-11-07T05:35:57.862Z"}
{"level":"error","message":"Error while pulling data of Id - undefined from Customer table","timestamp":"2023-11-07T05:36:31.435Z"}
{"level":"error","message":"Error while pulling data of Id - undefined from Customer table","timestamp":"2023-11-07T05:38:43.552Z"}
{"level":"error","message":"Error while pulling data of Id - 7 from Customer table","timestamp":"2023-11-07T05:41:16.206Z"}
{"level":"error","message":"Error while pulling data of Id - 0 from Customer table","timestamp":"2023-11-07T05:41:30.946Z"}
{"level":"error","message":"Error while pulling data of Id - 1 from Customer table","timestamp":"2023-11-07T05:42:01.566Z"}
{"level":"error","message":"Error while pulling data of Id - 1 from Customer table","timestamp":"2023-11-07T05:42:05.752Z"}
{"level":"error","message":"Error while pulling data of Id - 2 from Customer_table table","timestamp":"2023-11-07T05:47:42.253Z"}
{"level":"error","message":"Error while pulling data of Id - 1 from undefined table","timestamp":"2023-11-07T06:17:45.389Z"}
{"level":"error","message":"Error while pulling data from the undefined table","timestamp":"2023-11-07T07:08:09.354Z"}
{"level":"error","message":"Error while inserting values to the Customer table","timestamp":"2023-11-08T05:04:22.287Z"}
{"level":"error","message":"Error while inserting values to the Customer table","timestamp":"2023-11-08T05:04:24.792Z"}
{"level":"error","message":"Error while inserting values to the Customer table","timestamp":"2023-11-08T05:04:25.412Z"}
{"level":"error","message":"Error while inserting values to the Customer table","timestamp":"2023-11-08T05:04:25.860Z"}
{"level":"error","message":"Error while inserting values to the Customer table","timestamp":"2023-11-08T05:04:46.014Z"}
{"level":"error","message":"Error while inserting values to the Customer table","timestamp":"2023-11-08T05:04:46.926Z"}
{"level":"error","message":"Error while inserting values to the Customer table","timestamp":"2023-11-08T05:04:47.816Z"}
{"level":"error","message":"Error while inserting values to the Customer table","timestamp":"2023-11-08T05:04:48.469Z"}
{"level":"error","message":"Error while inserting values to the Customer table","timestamp":"2023-11-08T05:05:40.338Z"}
{"level":"error","message":"Error while inserting values to the Customer table","timestamp":"2023-11-08T05:39:35.317Z"}
{"level":"error","message":"Error while inserting values to the Customer table","timestamp":"2023-11-08T05:39:43.265Z"}
{"level":"error","message":"Error while inserting values to the Customer table","timestamp":"2023-11-08T05:40:47.528Z"}
{"level":"error","message":"Error while inserting values to the Customer_order table","timestamp":"2023-11-08T05:45:25.036Z"}
{"level":"error","message":"Error while creating table : product","timestamp":"2023-11-08T05:47:21.545Z"}
{"level":"error","message":"Error while inserting values to the Customer table","timestamp":"2023-11-08T05:48:40.206Z"}
{"level":"error","message":"Error while creating table : customer","timestamp":"2023-11-08T05:48:44.419Z"}
{"level":"error","message":"Error while inserting values to the customer table","timestamp":"2023-11-08T05:48:51.656Z"}
{"level":"error","message":"Error while pulling data of Id - 1 from customer table","timestamp":"2023-11-08T05:58:57.635Z"}
{"level":"error","message":"Error while creating table : token","timestamp":"2023-11-08T07:41:56.338Z"}
{"level":"error","message":"Error while creating table : token","timestamp":"2023-11-08T07:42:17.699Z"}
{"level":"error","message":"Error while creating table : token","timestamp":"2023-11-08T07:42:48.292Z"}
{"level":"error","message":"Error while creating table : token","timestamp":"2023-11-08T07:45:45.085Z"}
